  SecurityDetox.cpp
C:\Users\s12\Documents\GitHub\Evasion\Products\SecurityDetox\SecurityDetox\SecurityDetox\SecurityDetox.cpp(94,10): warning C4834: discarding return value of function with [[nodiscard]] attribute
C:\Program Files\Microsoft Visual Studio\2022\Community\VC\Tools\MSVC\14.42.34433\include\xutility(4709,18): warning C4244: '=': conversion from 'wchar_t' to 'char', possible loss of data
  (compiling source file 'SecurityDetox.cpp')
      C:\Program Files\Microsoft Visual Studio\2022\Community\VC\Tools\MSVC\14.42.34433\include\xutility(4709,18):
      the template instantiation context (the oldest one first) is
          C:\Users\s12\Documents\GitHub\Evasion\Products\SecurityDetox\SecurityDetox\SecurityDetox\WhiteListedProcesses.h(29,19):
          see reference to function template instantiation 'std::basic_string<char,std::char_traits<char>,std::allocator<char>>::basic_string<std::_String_iterator<std::_String_val<std::_Simple_types<_Elem>>>,0>(_Iter,_Iter,const _Alloc &)' being compiled
          with
          [
              _Elem=wchar_t,
              _Iter=std::_String_iterator<std::_String_val<std::_Simple_types<wchar_t>>>,
              _Alloc=std::allocator<char>
          ]
              C:\Users\s12\Documents\GitHub\Evasion\Products\SecurityDetox\SecurityDetox\SecurityDetox\WhiteListedProcesses.h(29,19):
              see the first reference to 'std::basic_string<char,std::char_traits<char>,std::allocator<char>>::basic_string' in 'ListModulesByProcess'
          C:\Program Files\Microsoft Visual Studio\2022\Community\VC\Tools\MSVC\14.42.34433\include\xstring(793,17):
          see reference to function template instantiation 'void std::basic_string<char,std::char_traits<char>,std::allocator<char>>::_Construct_from_iter<wchar_t*,wchar_t*,_Size_type>(_Iter,const _Sent,_Size)' being compiled
          with
          [
              _Size_type=unsigned __int64,
              _Iter=wchar_t *,
              _Sent=wchar_t *,
              _Size=unsigned __int64
          ]
          C:\Program Files\Microsoft Visual Studio\2022\Community\VC\Tools\MSVC\14.42.34433\include\xstring(949,18):
          see reference to function template instantiation '_OutIt *std::_Copy_n_unchecked4<wchar_t*,_Size,char*>(_InIt,_SizeTy,_OutIt)' being compiled
          with
          [
              _OutIt=char *,
              _Size=unsigned __int64,
              _InIt=wchar_t *,
              _SizeTy=unsigned __int64
          ]
  
  Generating code
  18 of 571 functions ( 3.2%) were compiled, the rest were copied from previous compilation.
    5 functions were new in current compilation
    18 functions had inline decision re-evaluated but remain unchanged
  Finished generating code
  SecurityDetox.vcxproj -> C:\Users\s12\Documents\GitHub\Evasion\Products\SecurityDetox\SecurityDetox\x64\Release\SecurityDetox.exe
